状态 160 conflicts: 2 shift/reduce
状态 175 conflicts: 2 shift/reduce


语法

    0 $accept: translation_unit $end

    1 translation_unit: definition_or_statement
    2                 | translation_unit definition_or_statement

    3 definition_or_statement: function_definition
    4                        | statement

    5 function_definition: FUNCTION IDENTIFIER LP parameter_list RP block
    6                    | FUNCTION IDENTIFIER LP RP block

    7 parameter_list: IDENTIFIER
    8               | parameter_list COMMA IDENTIFIER

    9 argument_list: expression
   10              | argument_list COMMA expression

   11 statement_list: statement
   12               | statement_list statement

   13 expression: logical_or_expression
   14           | postfix_expression ASSIGN expression_or_array_literal

   15 logical_or_expression: logical_and_expression
   16                      | logical_or_expression LOGICAL_OR logical_and_expression

   17 logical_and_expression: equality_expression
   18                       | logical_and_expression LOGICAL_AND equality_expression

   19 equality_expression: relational_expression
   20                    | equality_expression EQ relational_expression
   21                    | equality_expression NE relational_expression

   22 relational_expression: additive_expression
   23                      | relational_expression GT additive_expression
   24                      | relational_expression GE additive_expression
   25                      | relational_expression LT additive_expression
   26                      | relational_expression LE additive_expression

   27 additive_expression: multiplicative_expression
   28                    | additive_expression ADD multiplicative_expression
   29                    | additive_expression SUB multiplicative_expression

   30 multiplicative_expression: unary_expression
   31                          | multiplicative_expression MUL unary_expression
   32                          | multiplicative_expression DIV unary_expression
   33                          | multiplicative_expression MOD unary_expression

   34 unary_expression: postfix_expression
   35                 | SUB unary_expression
   36                 | INCREMENT unary_expression
   37                 | DECREMENT unary_expression

   38 postfix_expression: primary_expression
   39                   | postfix_expression LB expression RB
   40                   | postfix_expression LP argument_list RP
   41                   | postfix_expression LP RP
   42                   | postfix_expression INCREMENT
   43                   | postfix_expression DECREMENT
   44                   | postfix_expression DOT IDENTIFIER

   45 primary_expression: LP expression RP
   46                   | IDENTIFIER
   47                   | INT_LITERAL
   48                   | DOUBLE_LITERAL
   49                   | STRING_LITERAL
   50                   | TRUE_T
   51                   | FALSE_T
   52                   | NULL_T
   53                   | closure_definition
   54                   | REGEXP_LITERAL

   55 closure_definition: CLOSURE LP RP block
   56                   | CLOSURE LP parameter_list RP block
   57                   | CLOSURE IDENTIFIER LP RP block
   58                   | CLOSURE IDENTIFIER LP parameter_list RP block

   59 array_literal: LC expression_list RC
   60              | LC expression_list COMMA RC

   61 expression_or_array_literal: expression
   62                            | array_literal

   63 expression_list: /* 空 */
   64                | expression_or_array_literal
   65                | expression_list COMMA expression_or_array_literal

   66 statement: SEMICOLON
   67          | expression SEMICOLON
   68          | global_statement
   69          | if_statement
   70          | while_statement
   71          | for_statement
   72          | return_statement
   73          | break_statement
   74          | continue_statement
   75          | block_statement
   76          | try_statement
   77          | throw_statement
   78          | foreach_statement

   79 global_statement: GLOBAL_T identifier_list SEMICOLON

   80 identifier_list: IDENTIFIER
   81                | identifier_list COMMA IDENTIFIER

   82 if_statement: IF LP expression RP statement
   83             | IF LP expression RP statement ELSE statement
   84             | IF LP expression RP statement elsif_list
   85             | IF LP expression RP statement elsif_list ELSE statement

   86 elsif_list: elsif
   87           | elsif_list elsif

   88 elsif: ELSIF LP expression RP statement

   89 while_statement: WHILE LP expression RP statement

   90 for_statement: FOR LP expression_opt SEMICOLON expression_opt SEMICOLON expression_opt RP statement

   91 expression_opt: /* 空 */
   92               | expression

   93 return_statement: RETURN_T expression_opt SEMICOLON

   94 break_statement: BREAK SEMICOLON

   95 continue_statement: CONTINUE SEMICOLON

   96 block_statement: block

   97 block: LC statement_list RC
   98      | LC RC

   99 try_statement: TRY block CATCH LP IDENTIFIER RP block FINALLY block
  100              | TRY block CATCH LP IDENTIFIER RP block
  101              | TRY block FINALLY block

  102 throw_statement: THROW expression SEMICOLON

  103 foreach_statement: FOREACH LP IDENTIFIER COLON expression_or_array_literal RP statement


Terminals, with rules where they appear

$end (0) 0
error (256)
INT_LITERAL (258) 47
DOUBLE_LITERAL (259) 48
STRING_LITERAL (260) 49
REGEXP_LITERAL (261) 54
IDENTIFIER (262) 5 6 7 8 44 46 57 58 80 81 99 100 103
FUNCTION (263) 5 6
IF (264) 82 83 84 85
ELSE (265) 83 85
ELSIF (266) 88
WHILE (267) 89
FOR (268) 90
RETURN_T (269) 93
BREAK (270) 94
CONTINUE (271) 95
NULL_T (272) 52
LP (273) 5 6 40 41 45 55 56 57 58 82 83 84 85 88 89 90 99 100 103
RP (274) 5 6 40 41 45 55 56 57 58 82 83 84 85 88 89 90 99 100 103
LC (275) 59 60 97 98
RC (276) 59 60 97 98
SEMICOLON (277) 66 67 79 90 93 94 95 102
COMMA (278) 8 10 60 65 81
ASSIGN (279) 14
LOGICAL_AND (280) 18
LOGICAL_OR (281) 16
EQ (282) 20
NE (283) 21
GT (284) 23
GE (285) 24
LT (286) 25
LE (287) 26
ADD (288) 28
SUB (289) 29 35
MUL (290) 31
DIV (291) 32
MOD (292) 33
TRUE_T (293) 50
FALSE_T (294) 51
GLOBAL_T (295) 79
LB (296) 39
RB (297) 39
DOT (298) 44
INCREMENT (299) 36 42
DECREMENT (300) 37 43
CLOSURE (301) 55 56 57 58
TRY (302) 99 100 101
CATCH (303) 99 100
FINALLY (304) 99 101
THROW (305) 102
FOREACH (306) 103
COLON (307) 103


Nonterminals, with rules where they appear

$accept (53)
    左： 0
translation_unit (54)
    左： 1 2, 右： 0 2
definition_or_statement (55)
    左： 3 4, 右： 1 2
function_definition (56)
    左： 5 6, 右： 3
parameter_list (57)
    左： 7 8, 右： 5 8 56 58
argument_list (58)
    左： 9 10, 右： 10 40
statement_list (59)
    左： 11 12, 右： 12 97
expression (60)
    左： 13 14, 右： 9 10 39 45 61 67 82 83 84 85 88 89 92 102
logical_or_expression (61)
    左： 15 16, 右： 13 16
logical_and_expression (62)
    左： 17 18, 右： 15 16 18
equality_expression (63)
    左： 19 20 21, 右： 17 18 20 21
relational_expression (64)
    左： 22 23 24 25 26, 右： 19 20 21 23 24 25 26
additive_expression (65)
    左： 27 28 29, 右： 22 23 24 25 26 28 29
multiplicative_expression (66)
    左： 30 31 32 33, 右： 27 28 29 31 32 33
unary_expression (67)
    左： 34 35 36 37, 右： 30 31 32 33 35 36 37
postfix_expression (68)
    左： 38 39 40 41 42 43 44, 右： 14 34 39 40 41 42 43 44
primary_expression (69)
    左： 45 46 47 48 49 50 51 52 53 54, 右： 38
closure_definition (70)
    左： 55 56 57 58, 右： 53
array_literal (71)
    左： 59 60, 右： 62
expression_or_array_literal (72)
    左： 61 62, 右： 14 64 65 103
expression_list (73)
    左： 63 64 65, 右： 59 60 65
statement (74)
    左： 66 67 68 69 70 71 72 73 74 75 76 77 78, 右： 4 11 12 82
    83 84 85 88 89 90 103
global_statement (75)
    左： 79, 右： 68
identifier_list (76)
    左： 80 81, 右： 79 81
if_statement (77)
    左： 82 83 84 85, 右： 69
elsif_list (78)
    左： 86 87, 右： 84 85 87
elsif (79)
    左： 88, 右： 86 87
while_statement (80)
    左： 89, 右： 70
for_statement (81)
    左： 90, 右： 71
expression_opt (82)
    左： 91 92, 右： 90 93
return_statement (83)
    左： 93, 右： 72
break_statement (84)
    左： 94, 右： 73
continue_statement (85)
    左： 95, 右： 74
block_statement (86)
    左： 96, 右： 75
block (87)
    左： 97 98, 右： 5 6 55 56 57 58 96 99 100 101
try_statement (88)
    左： 99 100 101, 右： 76
throw_statement (89)
    左： 102, 右： 77
foreach_statement (90)
    左： 103, 右： 78


状态 0

    0 $accept: . translation_unit $end

    INT_LITERAL     shift, and go to state 1
    DOUBLE_LITERAL  shift, and go to state 2
    STRING_LITERAL  shift, and go to state 3
    REGEXP_LITERAL  shift, and go to state 4
    IDENTIFIER      shift, and go to state 5
    FUNCTION        shift, and go to state 6
    IF              shift, and go to state 7
    WHILE           shift, and go to state 8
    FOR             shift, and go to state 9
    RETURN_T        shift, and go to state 10
    BREAK           shift, and go to state 11
    CONTINUE        shift, and go to state 12
    NULL_T          shift, and go to state 13
    LP              shift, and go to state 14
    LC              shift, and go to state 15
    SEMICOLON       shift, and go to state 16
    SUB             shift, and go to state 17
    TRUE_T          shift, and go to state 18
    FALSE_T         shift, and go to state 19
    GLOBAL_T        shift, and go to state 20
    INCREMENT       shift, and go to state 21
    DECREMENT       shift, and go to state 22
    CLOSURE         shift, and go to state 23
    TRY             shift, and go to state 24
    THROW           shift, and go to state 25
    FOREACH         shift, and go to state 26

    translation_unit           转到状态 27
    definition_or_statement    转到状态 28
    function_definition        转到状态 29
    expression                 转到状态 30
    logical_or_expression      转到状态 31
    logical_and_expression     转到状态 32
    equality_expression        转到状态 33
    relational_expression      转到状态 34
    additive_expression        转到状态 35
    multiplicative_expression  转到状态 36
    unary_expression           转到状态 37
    postfix_expression         转到状态 38
    primary_expression         转到状态 39
    closure_definition         转到状态 40
    statement                  转到状态 41
    global_statement           转到状态 42
    if_statement               转到状态 43
    while_statement            转到状态 44
    for_statement              转到状态 45
    return_statement           转到状态 46
    break_statement            转到状态 47
    continue_statement         转到状态 48
    block_statement            转到状态 49
    block                      转到状态 50
    try_statement              转到状态 51
    throw_statement            转到状态 52
    foreach_statement          转到状态 53


状态 1

   47 primary_expression: INT_LITERAL .

    $default  reduce using rule 47 (primary_expression)


状态 2

   48 primary_expression: DOUBLE_LITERAL .

    $default  reduce using rule 48 (primary_expression)


状态 3

   49 primary_expression: STRING_LITERAL .

    $default  reduce using rule 49 (primary_expression)


状态 4

   54 primary_expression: REGEXP_LITERAL .

    $default  reduce using rule 54 (primary_expression)


状态 5

   46 primary_expression: IDENTIFIER .

    $default  reduce using rule 46 (primary_expression)


状态 6

    5 function_definition: FUNCTION . IDENTIFIER LP parameter_list RP block
    6                    | FUNCTION . IDENTIFIER LP RP block

    IDENTIFIER  shift, and go to state 54


状态 7

   82 if_statement: IF . LP expression RP statement
   83             | IF . LP expression RP statement ELSE statement
   84             | IF . LP expression RP statement elsif_list
   85             | IF . LP expression RP statement elsif_list ELSE statement

    LP  shift, and go to state 55


状态 8

   89 while_statement: WHILE . LP expression RP statement

    LP  shift, and go to state 56


状态 9

   90 for_statement: FOR . LP expression_opt SEMICOLON expression_opt SEMICOLON expression_opt RP statement

    LP  shift, and go to state 57


状态 10

   93 return_statement: RETURN_T . expression_opt SEMICOLON

    INT_LITERAL     shift, and go to state 1
    DOUBLE_LITERAL  shift, and go to state 2
    STRING_LITERAL  shift, and go to state 3
    REGEXP_LITERAL  shift, and go to state 4
    IDENTIFIER      shift, and go to state 5
    NULL_T          shift, and go to state 13
    LP              shift, and go to state 14
    SUB             shift, and go to state 17
    TRUE_T          shift, and go to state 18
    FALSE_T         shift, and go to state 19
    INCREMENT       shift, and go to state 21
    DECREMENT       shift, and go to state 22
    CLOSURE         shift, and go to state 23

    $default  reduce using rule 91 (expression_opt)

    expression                 转到状态 58
    logical_or_expression      转到状态 31
    logical_and_expression     转到状态 32
    equality_expression        转到状态 33
    relational_expression      转到状态 34
    additive_expression        转到状态 35
    multiplicative_expression  转到状态 36
    unary_expression           转到状态 37
    postfix_expression         转到状态 38
    primary_expression         转到状态 39
    closure_definition         转到状态 40
    expression_opt             转到状态 59


状态 11

   94 break_statement: BREAK . SEMICOLON

    SEMICOLON  shift, and go to state 60


状态 12

   95 continue_statement: CONTINUE . SEMICOLON

    SEMICOLON  shift, and go to state 61


状态 13

   52 primary_expression: NULL_T .

    $default  reduce using rule 52 (primary_expression)


状态 14

   45 primary_expression: LP . expression RP

    INT_LITERAL     shift, and go to state 1
    DOUBLE_LITERAL  shift, and go to state 2
    STRING_LITERAL  shift, and go to state 3
    REGEXP_LITERAL  shift, and go to state 4
    IDENTIFIER      shift, and go to state 5
    NULL_T          shift, and go to state 13
    LP              shift, and go to state 14
    SUB             shift, and go to state 17
    TRUE_T          shift, and go to state 18
    FALSE_T         shift, and go to state 19
    INCREMENT       shift, and go to state 21
    DECREMENT       shift, and go to state 22
    CLOSURE         shift, and go to state 23

    expression                 转到状态 62
    logical_or_expression      转到状态 31
    logical_and_expression     转到状态 32
    equality_expression        转到状态 33
    relational_expression      转到状态 34
    additive_expression        转到状态 35
    multiplicative_expression  转到状态 36
    unary_expression           转到状态 37
    postfix_expression         转到状态 38
    primary_expression         转到状态 39
    closure_definition         转到状态 40


状态 15

   97 block: LC . statement_list RC
   98      | LC . RC

    INT_LITERAL     shift, and go to state 1
    DOUBLE_LITERAL  shift, and go to state 2
    STRING_LITERAL  shift, and go to state 3
    REGEXP_LITERAL  shift, and go to state 4
    IDENTIFIER      shift, and go to state 5
    IF              shift, and go to state 7
    WHILE           shift, and go to state 8
    FOR             shift, and go to state 9
    RETURN_T        shift, and go to state 10
    BREAK           shift, and go to state 11
    CONTINUE        shift, and go to state 12
    NULL_T          shift, and go to state 13
    LP              shift, and go to state 14
    LC              shift, and go to state 15
    RC              shift, and go to state 63
    SEMICOLON       shift, and go to state 16
    SUB             shift, and go to state 17
    TRUE_T          shift, and go to state 18
    FALSE_T         shift, and go to state 19
    GLOBAL_T        shift, and go to state 20
    INCREMENT       shift, and go to state 21
    DECREMENT       shift, and go to state 22
    CLOSURE         shift, and go to state 23
    TRY             shift, and go to state 24
    THROW           shift, and go to state 25
    FOREACH         shift, and go to state 26

    statement_list             转到状态 64
    expression                 转到状态 30
    logical_or_expression      转到状态 31
    logical_and_expression     转到状态 32
    equality_expression        转到状态 33
    relational_expression      转到状态 34
    additive_expression        转到状态 35
    multiplicative_expression  转到状态 36
    unary_expression           转到状态 37
    postfix_expression         转到状态 38
    primary_expression         转到状态 39
    closure_definition         转到状态 40
    statement                  转到状态 65
    global_statement           转到状态 42
    if_statement               转到状态 43
    while_statement            转到状态 44
    for_statement              转到状态 45
    return_statement           转到状态 46
    break_statement            转到状态 47
    continue_statement         转到状态 48
    block_statement            转到状态 49
    block                      转到状态 50
    try_statement              转到状态 51
    throw_statement            转到状态 52
    foreach_statement          转到状态 53


状态 16

   66 statement: SEMICOLON .

    $default  reduce using rule 66 (statement)


状态 17

   35 unary_expression: SUB . unary_expression

    INT_LITERAL     shift, and go to state 1
    DOUBLE_LITERAL  shift, and go to state 2
    STRING_LITERAL  shift, and go to state 3
    REGEXP_LITERAL  shift, and go to state 4
    IDENTIFIER      shift, and go to state 5
    NULL_T          shift, and go to state 13
    LP              shift, and go to state 14
    SUB             shift, and go to state 17
    TRUE_T          shift, and go to state 18
    FALSE_T         shift, and go to state 19
    INCREMENT       shift, and go to state 21
    DECREMENT       shift, and go to state 22
    CLOSURE         shift, and go to state 23

    unary_expression    转到状态 66
    postfix_expression  转到状态 67
    primary_expression  转到状态 39
    closure_definition  转到状态 40


状态 18

   50 primary_expression: TRUE_T .

    $default  reduce using rule 50 (primary_expression)


状态 19

   51 primary_expression: FALSE_T .

    $default  reduce using rule 51 (primary_expression)


状态 20

   79 global_statement: GLOBAL_T . identifier_list SEMICOLON

    IDENTIFIER  shift, and go to state 68

    identifier_list  转到状态 69


状态 21

   36 unary_expression: INCREMENT . unary_expression

    INT_LITERAL     shift, and go to state 1
    DOUBLE_LITERAL  shift, and go to state 2
    STRING_LITERAL  shift, and go to state 3
    REGEXP_LITERAL  shift, and go to state 4
    IDENTIFIER      shift, and go to state 5
    NULL_T          shift, and go to state 13
    LP              shift, and go to state 14
    SUB             shift, and go to state 17
    TRUE_T          shift, and go to state 18
    FALSE_T         shift, and go to state 19
    INCREMENT       shift, and go to state 21
    DECREMENT       shift, and go to state 22
    CLOSURE         shift, and go to state 23

    unary_expression    转到状态 70
    postfix_expression  转到状态 67
    primary_expression  转到状态 39
    closure_definition  转到状态 40


状态 22

   37 unary_expression: DECREMENT . unary_expression

    INT_LITERAL     shift, and go to state 1
    DOUBLE_LITERAL  shift, and go to state 2
    STRING_LITERAL  shift, and go to state 3
    REGEXP_LITERAL  shift, and go to state 4
    IDENTIFIER      shift, and go to state 5
    NULL_T          shift, and go to state 13
    LP              shift, and go to state 14
    SUB             shift, and go to state 17
    TRUE_T          shift, and go to state 18
    FALSE_T         shift, and go to state 19
    INCREMENT       shift, and go to state 21
    DECREMENT       shift, and go to state 22
    CLOSURE         shift, and go to state 23

    unary_expression    转到状态 71
    postfix_expression  转到状态 67
    primary_expression  转到状态 39
    closure_definition  转到状态 40


状态 23

   55 closure_definition: CLOSURE . LP RP block
   56                   | CLOSURE . LP parameter_list RP block
   57                   | CLOSURE . IDENTIFIER LP RP block
   58                   | CLOSURE . IDENTIFIER LP parameter_list RP block

    IDENTIFIER  shift, and go to state 72
    LP          shift, and go to state 73


状态 24

   99 try_statement: TRY . block CATCH LP IDENTIFIER RP block FINALLY block
  100              | TRY . block CATCH LP IDENTIFIER RP block
  101              | TRY . block FINALLY block

    LC  shift, and go to state 15

    block  转到状态 74


状态 25

  102 throw_statement: THROW . expression SEMICOLON

    INT_LITERAL     shift, and go to state 1
    DOUBLE_LITERAL  shift, and go to state 2
    STRING_LITERAL  shift, and go to state 3
    REGEXP_LITERAL  shift, and go to state 4
    IDENTIFIER      shift, and go to state 5
    NULL_T          shift, and go to state 13
    LP              shift, and go to state 14
    SUB             shift, and go to state 17
    TRUE_T          shift, and go to state 18
    FALSE_T         shift, and go to state 19
    INCREMENT       shift, and go to state 21
    DECREMENT       shift, and go to state 22
    CLOSURE         shift, and go to state 23

    expression                 转到状态 75
    logical_or_expression      转到状态 31
    logical_and_expression     转到状态 32
    equality_expression        转到状态 33
    relational_expression      转到状态 34
    additive_expression        转到状态 35
    multiplicative_expression  转到状态 36
    unary_expression           转到状态 37
    postfix_expression         转到状态 38
    primary_expression         转到状态 39
    closure_definition         转到状态 40


状态 26

  103 foreach_statement: FOREACH . LP IDENTIFIER COLON expression_or_array_literal RP statement

    LP  shift, and go to state 76


状态 27

    0 $accept: translation_unit . $end
    2 translation_unit: translation_unit . definition_or_statement

    $end            shift, and go to state 77
    INT_LITERAL     shift, and go to state 1
    DOUBLE_LITERAL  shift, and go to state 2
    STRING_LITERAL  shift, and go to state 3
    REGEXP_LITERAL  shift, and go to state 4
    IDENTIFIER      shift, and go to state 5
    FUNCTION        shift, and go to state 6
    IF              shift, and go to state 7
    WHILE           shift, and go to state 8
    FOR             shift, and go to state 9
    RETURN_T        shift, and go to state 10
    BREAK           shift, and go to state 11
    CONTINUE        shift, and go to state 12
    NULL_T          shift, and go to state 13
    LP              shift, and go to state 14
    LC              shift, and go to state 15
    SEMICOLON       shift, and go to state 16
    SUB             shift, and go to state 17
    TRUE_T          shift, and go to state 18
    FALSE_T         shift, and go to state 19
    GLOBAL_T        shift, and go to state 20
    INCREMENT       shift, and go to state 21
    DECREMENT       shift, and go to state 22
    CLOSURE         shift, and go to state 23
    TRY             shift, and go to state 24
    THROW           shift, and go to state 25
    FOREACH         shift, and go to state 26

    definition_or_statement    转到状态 78
    function_definition        转到状态 29
    expression                 转到状态 30
    logical_or_expression      转到状态 31
    logical_and_expression     转到状态 32
    equality_expression        转到状态 33
    relational_expression      转到状态 34
    additive_expression        转到状态 35
    multiplicative_expression  转到状态 36
    unary_expression           转到状态 37
    postfix_expression         转到状态 38
    primary_expression         转到状态 39
    closure_definition         转到状态 40
    statement                  转到状态 41
    global_statement           转到状态 42
    if_statement               转到状态 43
    while_statement            转到状态 44
    for_statement              转到状态 45
    return_statement           转到状态 46
    break_statement            转到状态 47
    continue_statement         转到状态 48
    block_statement            转到状态 49
    block                      转到状态 50
    try_statement              转到状态 51
    throw_statement            转到状态 52
    foreach_statement          转到状态 53


状态 28

    1 translation_unit: definition_or_statement .

    $default  reduce using rule 1 (translation_unit)


状态 29

    3 definition_or_statement: function_definition .

    $default  reduce using rule 3 (definition_or_statement)


状态 30

   67 statement: expression . SEMICOLON

    SEMICOLON  shift, and go to state 79


状态 31

   13 expression: logical_or_expression .
   16 logical_or_expression: logical_or_expression . LOGICAL_OR logical_and_expression

    LOGICAL_OR  shift, and go to state 80

    $default  reduce using rule 13 (expression)


状态 32

   15 logical_or_expression: logical_and_expression .
   18 logical_and_expression: logical_and_expression . LOGICAL_AND equality_expression

    LOGICAL_AND  shift, and go to state 81

    $default  reduce using rule 15 (logical_or_expression)


状态 33

   17 logical_and_expression: equality_expression .
   20 equality_expression: equality_expression . EQ relational_expression
   21                    | equality_expression . NE relational_expression

    EQ  shift, and go to state 82
    NE  shift, and go to state 83

    $default  reduce using rule 17 (logical_and_expression)


状态 34

   19 equality_expression: relational_expression .
   23 relational_expression: relational_expression . GT additive_expression
   24                      | relational_expression . GE additive_expression
   25                      | relational_expression . LT additive_expression
   26                      | relational_expression . LE additive_expression

    GT  shift, and go to state 84
    GE  shift, and go to state 85
    LT  shift, and go to state 86
    LE  shift, and go to state 87

    $default  reduce using rule 19 (equality_expression)


状态 35

   22 relational_expression: additive_expression .
   28 additive_expression: additive_expression . ADD multiplicative_expression
   29                    | additive_expression . SUB multiplicative_expression

    ADD  shift, and go to state 88
    SUB  shift, and go to state 89

    $default  reduce using rule 22 (relational_expression)


状态 36

   27 additive_expression: multiplicative_expression .
   31 multiplicative_expression: multiplicative_expression . MUL unary_expression
   32                          | multiplicative_expression . DIV unary_expression
   33                          | multiplicative_expression . MOD unary_expression

    MUL  shift, and go to state 90
    DIV  shift, and go to state 91
    MOD  shift, and go to state 92

    $default  reduce using rule 27 (additive_expression)


状态 37

   30 multiplicative_expression: unary_expression .

    $default  reduce using rule 30 (multiplicative_expression)


状态 38

   14 expression: postfix_expression . ASSIGN expression_or_array_literal
   34 unary_expression: postfix_expression .
   39 postfix_expression: postfix_expression . LB expression RB
   40                   | postfix_expression . LP argument_list RP
   41                   | postfix_expression . LP RP
   42                   | postfix_expression . INCREMENT
   43                   | postfix_expression . DECREMENT
   44                   | postfix_expression . DOT IDENTIFIER

    LP         shift, and go to state 93
    ASSIGN     shift, and go to state 94
    LB         shift, and go to state 95
    DOT        shift, and go to state 96
    INCREMENT  shift, and go to state 97
    DECREMENT  shift, and go to state 98

    $default  reduce using rule 34 (unary_expression)


状态 39

   38 postfix_expression: primary_expression .

    $default  reduce using rule 38 (postfix_expression)


状态 40

   53 primary_expression: closure_definition .

    $default  reduce using rule 53 (primary_expression)


状态 41

    4 definition_or_statement: statement .

    $default  reduce using rule 4 (definition_or_statement)


状态 42

   68 statement: global_statement .

    $default  reduce using rule 68 (statement)


状态 43

   69 statement: if_statement .

    $default  reduce using rule 69 (statement)


状态 44

   70 statement: while_statement .

    $default  reduce using rule 70 (statement)


状态 45

   71 statement: for_statement .

    $default  reduce using rule 71 (statement)


状态 46

   72 statement: return_statement .

    $default  reduce using rule 72 (statement)


状态 47

   73 statement: break_statement .

    $default  reduce using rule 73 (statement)


状态 48

   74 statement: continue_statement .

    $default  reduce using rule 74 (statement)


状态 49

   75 statement: block_statement .

    $default  reduce using rule 75 (statement)


状态 50

   96 block_statement: block .

    $default  reduce using rule 96 (block_statement)


状态 51

   76 statement: try_statement .

    $default  reduce using rule 76 (statement)


状态 52

   77 statement: throw_statement .

    $default  reduce using rule 77 (statement)


状态 53

   78 statement: foreach_statement .

    $default  reduce using rule 78 (statement)


状态 54

    5 function_definition: FUNCTION IDENTIFIER . LP parameter_list RP block
    6                    | FUNCTION IDENTIFIER . LP RP block

    LP  shift, and go to state 99


状态 55

   82 if_statement: IF LP . expression RP statement
   83             | IF LP . expression RP statement ELSE statement
   84             | IF LP . expression RP statement elsif_list
   85             | IF LP . expression RP statement elsif_list ELSE statement

    INT_LITERAL     shift, and go to state 1
    DOUBLE_LITERAL  shift, and go to state 2
    STRING_LITERAL  shift, and go to state 3
    REGEXP_LITERAL  shift, and go to state 4
    IDENTIFIER      shift, and go to state 5
    NULL_T          shift, and go to state 13
    LP              shift, and go to state 14
    SUB             shift, and go to state 17
    TRUE_T          shift, and go to state 18
    FALSE_T         shift, and go to state 19
    INCREMENT       shift, and go to state 21
    DECREMENT       shift, and go to state 22
    CLOSURE         shift, and go to state 23

    expression                 转到状态 100
    logical_or_expression      转到状态 31
    logical_and_expression     转到状态 32
    equality_expression        转到状态 33
    relational_expression      转到状态 34
    additive_expression        转到状态 35
    multiplicative_expression  转到状态 36
    unary_expression           转到状态 37
    postfix_expression         转到状态 38
    primary_expression         转到状态 39
    closure_definition         转到状态 40


状态 56

   89 while_statement: WHILE LP . expression RP statement

    INT_LITERAL     shift, and go to state 1
    DOUBLE_LITERAL  shift, and go to state 2
    STRING_LITERAL  shift, and go to state 3
    REGEXP_LITERAL  shift, and go to state 4
    IDENTIFIER      shift, and go to state 5
    NULL_T          shift, and go to state 13
    LP              shift, and go to state 14
    SUB             shift, and go to state 17
    TRUE_T          shift, and go to state 18
    FALSE_T         shift, and go to state 19
    INCREMENT       shift, and go to state 21
    DECREMENT       shift, and go to state 22
    CLOSURE         shift, and go to state 23

    expression                 转到状态 101
    logical_or_expression      转到状态 31
    logical_and_expression     转到状态 32
    equality_expression        转到状态 33
    relational_expression      转到状态 34
    additive_expression        转到状态 35
    multiplicative_expression  转到状态 36
    unary_expression           转到状态 37
    postfix_expression         转到状态 38
    primary_expression         转到状态 39
    closure_definition         转到状态 40


状态 57

   90 for_statement: FOR LP . expression_opt SEMICOLON expression_opt SEMICOLON expression_opt RP statement

    INT_LITERAL     shift, and go to state 1
    DOUBLE_LITERAL  shift, and go to state 2
    STRING_LITERAL  shift, and go to state 3
    REGEXP_LITERAL  shift, and go to state 4
    IDENTIFIER      shift, and go to state 5
    NULL_T          shift, and go to state 13
    LP              shift, and go to state 14
    SUB             shift, and go to state 17
    TRUE_T          shift, and go to state 18
    FALSE_T         shift, and go to state 19
    INCREMENT       shift, and go to state 21
    DECREMENT       shift, and go to state 22
    CLOSURE         shift, and go to state 23

    $default  reduce using rule 91 (expression_opt)

    expression                 转到状态 58
    logical_or_expression      转到状态 31
    logical_and_expression     转到状态 32
    equality_expression        转到状态 33
    relational_expression      转到状态 34
    additive_expression        转到状态 35
    multiplicative_expression  转到状态 36
    unary_expression           转到状态 37
    postfix_expression         转到状态 38
    primary_expression         转到状态 39
    closure_definition         转到状态 40
    expression_opt             转到状态 102


状态 58

   92 expression_opt: expression .

    $default  reduce using rule 92 (expression_opt)


状态 59

   93 return_statement: RETURN_T expression_opt . SEMICOLON

    SEMICOLON  shift, and go to state 103


状态 60

   94 break_statement: BREAK SEMICOLON .

    $default  reduce using rule 94 (break_statement)


状态 61

   95 continue_statement: CONTINUE SEMICOLON .

    $default  reduce using rule 95 (continue_statement)


状态 62

   45 primary_expression: LP expression . RP

    RP  shift, and go to state 104


状态 63

   98 block: LC RC .

    $default  reduce using rule 98 (block)


状态 64

   12 statement_list: statement_list . statement
   97 block: LC statement_list . RC

    INT_LITERAL     shift, and go to state 1
    DOUBLE_LITERAL  shift, and go to state 2
    STRING_LITERAL  shift, and go to state 3
    REGEXP_LITERAL  shift, and go to state 4
    IDENTIFIER      shift, and go to state 5
    IF              shift, and go to state 7
    WHILE           shift, and go to state 8
    FOR             shift, and go to state 9
    RETURN_T        shift, and go to state 10
    BREAK           shift, and go to state 11
    CONTINUE        shift, and go to state 12
    NULL_T          shift, and go to state 13
    LP              shift, and go to state 14
    LC              shift, and go to state 15
    RC              shift, and go to state 105
    SEMICOLON       shift, and go to state 16
    SUB             shift, and go to state 17
    TRUE_T          shift, and go to state 18
    FALSE_T         shift, and go to state 19
    GLOBAL_T        shift, and go to state 20
    INCREMENT       shift, and go to state 21
    DECREMENT       shift, and go to state 22
    CLOSURE         shift, and go to state 23
    TRY             shift, and go to state 24
    THROW           shift, and go to state 25
    FOREACH         shift, and go to state 26

    expression                 转到状态 30
    logical_or_expression      转到状态 31
    logical_and_expression     转到状态 32
    equality_expression        转到状态 33
    relational_expression      转到状态 34
    additive_expression        转到状态 35
    multiplicative_expression  转到状态 36
    unary_expression           转到状态 37
    postfix_expression         转到状态 38
    primary_expression         转到状态 39
    closure_definition         转到状态 40
    statement                  转到状态 106
    global_statement           转到状态 42
    if_statement               转到状态 43
    while_statement            转到状态 44
    for_statement              转到状态 45
    return_statement           转到状态 46
    break_statement            转到状态 47
    continue_statement         转到状态 48
    block_statement            转到状态 49
    block                      转到状态 50
    try_statement              转到状态 51
    throw_statement            转到状态 52
    foreach_statement          转到状态 53


状态 65

   11 statement_list: statement .

    $default  reduce using rule 11 (statement_list)


状态 66

   35 unary_expression: SUB unary_expression .

    $default  reduce using rule 35 (unary_expression)


状态 67

   34 unary_expression: postfix_expression .
   39 postfix_expression: postfix_expression . LB expression RB
   40                   | postfix_expression . LP argument_list RP
   41                   | postfix_expression . LP RP
   42                   | postfix_expression . INCREMENT
   43                   | postfix_expression . DECREMENT
   44                   | postfix_expression . DOT IDENTIFIER

    LP         shift, and go to state 93
    LB         shift, and go to state 95
    DOT        shift, and go to state 96
    INCREMENT  shift, and go to state 97
    DECREMENT  shift, and go to state 98

    $default  reduce using rule 34 (unary_expression)


状态 68

   80 identifier_list: IDENTIFIER .

    $default  reduce using rule 80 (identifier_list)


状态 69

   79 global_statement: GLOBAL_T identifier_list . SEMICOLON
   81 identifier_list: identifier_list . COMMA IDENTIFIER

    SEMICOLON  shift, and go to state 107
    COMMA      shift, and go to state 108


状态 70

   36 unary_expression: INCREMENT unary_expression .

    $default  reduce using rule 36 (unary_expression)


状态 71

   37 unary_expression: DECREMENT unary_expression .

    $default  reduce using rule 37 (unary_expression)


状态 72

   57 closure_definition: CLOSURE IDENTIFIER . LP RP block
   58                   | CLOSURE IDENTIFIER . LP parameter_list RP block

    LP  shift, and go to state 109


状态 73

   55 closure_definition: CLOSURE LP . RP block
   56                   | CLOSURE LP . parameter_list RP block

    IDENTIFIER  shift, and go to state 110
    RP          shift, and go to state 111

    parameter_list  转到状态 112


状态 74

   99 try_statement: TRY block . CATCH LP IDENTIFIER RP block FINALLY block
  100              | TRY block . CATCH LP IDENTIFIER RP block
  101              | TRY block . FINALLY block

    CATCH    shift, and go to state 113
    FINALLY  shift, and go to state 114


状态 75

  102 throw_statement: THROW expression . SEMICOLON

    SEMICOLON  shift, and go to state 115


状态 76

  103 foreach_statement: FOREACH LP . IDENTIFIER COLON expression_or_array_literal RP statement

    IDENTIFIER  shift, and go to state 116


状态 77

    0 $accept: translation_unit $end .

    $default  接受


状态 78

    2 translation_unit: translation_unit definition_or_statement .

    $default  reduce using rule 2 (translation_unit)


状态 79

   67 statement: expression SEMICOLON .

    $default  reduce using rule 67 (statement)


状态 80

   16 logical_or_expression: logical_or_expression LOGICAL_OR . logical_and_expression

    INT_LITERAL     shift, and go to state 1
    DOUBLE_LITERAL  shift, and go to state 2
    STRING_LITERAL  shift, and go to state 3
    REGEXP_LITERAL  shift, and go to state 4
    IDENTIFIER      shift, and go to state 5
    NULL_T          shift, and go to state 13
    LP              shift, and go to state 14
    SUB             shift, and go to state 17
    TRUE_T          shift, and go to state 18
    FALSE_T         shift, and go to state 19
    INCREMENT       shift, and go to state 21
    DECREMENT       shift, and go to state 22
    CLOSURE         shift, and go to state 23

    logical_and_expression     转到状态 117
    equality_expression        转到状态 33
    relational_expression      转到状态 34
    additive_expression        转到状态 35
    multiplicative_expression  转到状态 36
    unary_expression           转到状态 37
    postfix_expression         转到状态 67
    primary_expression         转到状态 39
    closure_definition         转到状态 40


状态 81

   18 logical_and_expression: logical_and_expression LOGICAL_AND . equality_expression

    INT_LITERAL     shift, and go to state 1
    DOUBLE_LITERAL  shift, and go to state 2
    STRING_LITERAL  shift, and go to state 3
    REGEXP_LITERAL  shift, and go to state 4
    IDENTIFIER      shift, and go to state 5
    NULL_T          shift, and go to state 13
    LP              shift, and go to state 14
    SUB             shift, and go to state 17
    TRUE_T          shift, and go to state 18
    FALSE_T         shift, and go to state 19
    INCREMENT       shift, and go to state 21
    DECREMENT       shift, and go to state 22
    CLOSURE         shift, and go to state 23

    equality_expression        转到状态 118
    relational_expression      转到状态 34
    additive_expression        转到状态 35
    multiplicative_expression  转到状态 36
    unary_expression           转到状态 37
    postfix_expression         转到状态 67
    primary_expression         转到状态 39
    closure_definition         转到状态 40


状态 82

   20 equality_expression: equality_expression EQ . relational_expression

    INT_LITERAL     shift, and go to state 1
    DOUBLE_LITERAL  shift, and go to state 2
    STRING_LITERAL  shift, and go to state 3
    REGEXP_LITERAL  shift, and go to state 4
    IDENTIFIER      shift, and go to state 5
    NULL_T          shift, and go to state 13
    LP              shift, and go to state 14
    SUB             shift, and go to state 17
    TRUE_T          shift, and go to state 18
    FALSE_T         shift, and go to state 19
    INCREMENT       shift, and go to state 21
    DECREMENT       shift, and go to state 22
    CLOSURE         shift, and go to state 23

    relational_expression      转到状态 119
    additive_expression        转到状态 35
    multiplicative_expression  转到状态 36
    unary_expression           转到状态 37
    postfix_expression         转到状态 67
    primary_expression         转到状态 39
    closure_definition         转到状态 40


状态 83

   21 equality_expression: equality_expression NE . relational_expression

    INT_LITERAL     shift, and go to state 1
    DOUBLE_LITERAL  shift, and go to state 2
    STRING_LITERAL  shift, and go to state 3
    REGEXP_LITERAL  shift, and go to state 4
    IDENTIFIER      shift, and go to state 5
    NULL_T          shift, and go to state 13
    LP              shift, and go to state 14
    SUB             shift, and go to state 17
    TRUE_T          shift, and go to state 18
    FALSE_T         shift, and go to state 19
    INCREMENT       shift, and go to state 21
    DECREMENT       shift, and go to state 22
    CLOSURE         shift, and go to state 23

    relational_expression      转到状态 120
    additive_expression        转到状态 35
    multiplicative_expression  转到状态 36
    unary_expression           转到状态 37
    postfix_expression         转到状态 67
    primary_expression         转到状态 39
    closure_definition         转到状态 40


状态 84

   23 relational_expression: relational_expression GT . additive_expression

    INT_LITERAL     shift, and go to state 1
    DOUBLE_LITERAL  shift, and go to state 2
    STRING_LITERAL  shift, and go to state 3
    REGEXP_LITERAL  shift, and go to state 4
    IDENTIFIER      shift, and go to state 5
    NULL_T          shift, and go to state 13
    LP              shift, and go to state 14
    SUB             shift, and go to state 17
    TRUE_T          shift, and go to state 18
    FALSE_T         shift, and go to state 19
    INCREMENT       shift, and go to state 21
    DECREMENT       shift, and go to state 22
    CLOSURE         shift, and go to state 23

    additive_expression        转到状态 121
    multiplicative_expression  转到状态 36
    unary_expression           转到状态 37
    postfix_expression         转到状态 67
    primary_expression         转到状态 39
    closure_definition         转到状态 40


状态 85

   24 relational_expression: relational_expression GE . additive_expression

    INT_LITERAL     shift, and go to state 1
    DOUBLE_LITERAL  shift, and go to state 2
    STRING_LITERAL  shift, and go to state 3
    REGEXP_LITERAL  shift, and go to state 4
    IDENTIFIER      shift, and go to state 5
    NULL_T          shift, and go to state 13
    LP              shift, and go to state 14
    SUB             shift, and go to state 17
    TRUE_T          shift, and go to state 18
    FALSE_T         shift, and go to state 19
    INCREMENT       shift, and go to state 21
    DECREMENT       shift, and go to state 22
    CLOSURE         shift, and go to state 23

    additive_expression        转到状态 122
    multiplicative_expression  转到状态 36
    unary_expression           转到状态 37
    postfix_expression         转到状态 67
    primary_expression         转到状态 39
    closure_definition         转到状态 40


状态 86

   25 relational_expression: relational_expression LT . additive_expression

    INT_LITERAL     shift, and go to state 1
    DOUBLE_LITERAL  shift, and go to state 2
    STRING_LITERAL  shift, and go to state 3
    REGEXP_LITERAL  shift, and go to state 4
    IDENTIFIER      shift, and go to state 5
    NULL_T          shift, and go to state 13
    LP              shift, and go to state 14
    SUB             shift, and go to state 17
    TRUE_T          shift, and go to state 18
    FALSE_T         shift, and go to state 19
    INCREMENT       shift, and go to state 21
    DECREMENT       shift, and go to state 22
    CLOSURE         shift, and go to state 23

    additive_expression        转到状态 123
    multiplicative_expression  转到状态 36
    unary_expression           转到状态 37
    postfix_expression         转到状态 67
    primary_expression         转到状态 39
    closure_definition         转到状态 40


状态 87

   26 relational_expression: relational_expression LE . additive_expression

    INT_LITERAL     shift, and go to state 1
    DOUBLE_LITERAL  shift, and go to state 2
    STRING_LITERAL  shift, and go to state 3
    REGEXP_LITERAL  shift, and go to state 4
    IDENTIFIER      shift, and go to state 5
    NULL_T          shift, and go to state 13
    LP              shift, and go to state 14
    SUB             shift, and go to state 17
    TRUE_T          shift, and go to state 18
    FALSE_T         shift, and go to state 19
    INCREMENT       shift, and go to state 21
    DECREMENT       shift, and go to state 22
    CLOSURE         shift, and go to state 23

    additive_expression        转到状态 124
    multiplicative_expression  转到状态 36
    unary_expression           转到状态 37
    postfix_expression         转到状态 67
    primary_expression         转到状态 39
    closure_definition         转到状态 40


状态 88

   28 additive_expression: additive_expression ADD . multiplicative_expression

    INT_LITERAL     shift, and go to state 1
    DOUBLE_LITERAL  shift, and go to state 2
    STRING_LITERAL  shift, and go to state 3
    REGEXP_LITERAL  shift, and go to state 4
    IDENTIFIER      shift, and go to state 5
    NULL_T          shift, and go to state 13
    LP              shift, and go to state 14
    SUB             shift, and go to state 17
    TRUE_T          shift, and go to state 18
    FALSE_T         shift, and go to state 19
    INCREMENT       shift, and go to state 21
    DECREMENT       shift, and go to state 22
    CLOSURE         shift, and go to state 23

    multiplicative_expression  转到状态 125
    unary_expression           转到状态 37
    postfix_expression         转到状态 67
    primary_expression         转到状态 39
    closure_definition         转到状态 40


状态 89

   29 additive_expression: additive_expression SUB . multiplicative_expression

    INT_LITERAL     shift, and go to state 1
    DOUBLE_LITERAL  shift, and go to state 2
    STRING_LITERAL  shift, and go to state 3
    REGEXP_LITERAL  shift, and go to state 4
    IDENTIFIER      shift, and go to state 5
    NULL_T          shift, and go to state 13
    LP              shift, and go to state 14
    SUB             shift, and go to state 17
    TRUE_T          shift, and go to state 18
    FALSE_T         shift, and go to state 19
    INCREMENT       shift, and go to state 21
    DECREMENT       shift, and go to state 22
    CLOSURE         shift, and go to state 23

    multiplicative_expression  转到状态 126
    unary_expression           转到状态 37
    postfix_expression         转到状态 67
    primary_expression         转到状态 39
    closure_definition         转到状态 40


状态 90

   31 multiplicative_expression: multiplicative_expression MUL . unary_expression

    INT_LITERAL     shift, and go to state 1
    DOUBLE_LITERAL  shift, and go to state 2
    STRING_LITERAL  shift, and go to state 3
    REGEXP_LITERAL  shift, and go to state 4
    IDENTIFIER      shift, and go to state 5
    NULL_T          shift, and go to state 13
    LP              shift, and go to state 14
    SUB             shift, and go to state 17
    TRUE_T          shift, and go to state 18
    FALSE_T         shift, and go to state 19
    INCREMENT       shift, and go to state 21
    DECREMENT       shift, and go to state 22
    CLOSURE         shift, and go to state 23

    unary_expression    转到状态 127
    postfix_expression  转到状态 67
    primary_expression  转到状态 39
    closure_definition  转到状态 40


状态 91

   32 multiplicative_expression: multiplicative_expression DIV . unary_expression

    INT_LITERAL     shift, and go to state 1
    DOUBLE_LITERAL  shift, and go to state 2
    STRING_LITERAL  shift, and go to state 3
    REGEXP_LITERAL  shift, and go to state 4
    IDENTIFIER      shift, and go to state 5
    NULL_T          shift, and go to state 13
    LP              shift, and go to state 14
    SUB             shift, and go to state 17
    TRUE_T          shift, and go to state 18
    FALSE_T         shift, and go to state 19
    INCREMENT       shift, and go to state 21
    DECREMENT       shift, and go to state 22
    CLOSURE         shift, and go to state 23

    unary_expression    转到状态 128
    postfix_expression  转到状态 67
    primary_expression  转到状态 39
    closure_definition  转到状态 40


状态 92

   33 multiplicative_expression: multiplicative_expression MOD . unary_expression

    INT_LITERAL     shift, and go to state 1
    DOUBLE_LITERAL  shift, and go to state 2
    STRING_LITERAL  shift, and go to state 3
    REGEXP_LITERAL  shift, and go to state 4
    IDENTIFIER      shift, and go to state 5
    NULL_T          shift, and go to state 13
    LP              shift, and go to state 14
    SUB             shift, and go to state 17
    TRUE_T          shift, and go to state 18
    FALSE_T         shift, and go to state 19
    INCREMENT       shift, and go to state 21
    DECREMENT       shift, and go to state 22
    CLOSURE         shift, and go to state 23

    unary_expression    转到状态 129
    postfix_expression  转到状态 67
    primary_expression  转到状态 39
    closure_definition  转到状态 40


状态 93

   40 postfix_expression: postfix_expression LP . argument_list RP
   41                   | postfix_expression LP . RP

    INT_LITERAL     shift, and go to state 1
    DOUBLE_LITERAL  shift, and go to state 2
    STRING_LITERAL  shift, and go to state 3
    REGEXP_LITERAL  shift, and go to state 4
    IDENTIFIER      shift, and go to state 5
    NULL_T          shift, and go to state 13
    LP              shift, and go to state 14
    RP              shift, and go to state 130
    SUB             shift, and go to state 17
    TRUE_T          shift, and go to state 18
    FALSE_T         shift, and go to state 19
    INCREMENT       shift, and go to state 21
    DECREMENT       shift, and go to state 22
    CLOSURE         shift, and go to state 23

    argument_list              转到状态 131
    expression                 转到状态 132
    logical_or_expression      转到状态 31
    logical_and_expression     转到状态 32
    equality_expression        转到状态 33
    relational_expression      转到状态 34
    additive_expression        转到状态 35
    multiplicative_expression  转到状态 36
    unary_expression           转到状态 37
    postfix_expression         转到状态 38
    primary_expression         转到状态 39
    closure_definition         转到状态 40


状态 94

   14 expression: postfix_expression ASSIGN . expression_or_array_literal

    INT_LITERAL     shift, and go to state 1
    DOUBLE_LITERAL  shift, and go to state 2
    STRING_LITERAL  shift, and go to state 3
    REGEXP_LITERAL  shift, and go to state 4
    IDENTIFIER      shift, and go to state 5
    NULL_T          shift, and go to state 13
    LP              shift, and go to state 14
    LC              shift, and go to state 133
    SUB             shift, and go to state 17
    TRUE_T          shift, and go to state 18
    FALSE_T         shift, and go to state 19
    INCREMENT       shift, and go to state 21
    DECREMENT       shift, and go to state 22
    CLOSURE         shift, and go to state 23

    expression                   转到状态 134
    logical_or_expression        转到状态 31
    logical_and_expression       转到状态 32
    equality_expression          转到状态 33
    relational_expression        转到状态 34
    additive_expression          转到状态 35
    multiplicative_expression    转到状态 36
    unary_expression             转到状态 37
    postfix_expression           转到状态 38
    primary_expression           转到状态 39
    closure_definition           转到状态 40
    array_literal                转到状态 135
    expression_or_array_literal  转到状态 136


状态 95

   39 postfix_expression: postfix_expression LB . expression RB

    INT_LITERAL     shift, and go to state 1
    DOUBLE_LITERAL  shift, and go to state 2
    STRING_LITERAL  shift, and go to state 3
    REGEXP_LITERAL  shift, and go to state 4
    IDENTIFIER      shift, and go to state 5
    NULL_T          shift, and go to state 13
    LP              shift, and go to state 14
    SUB             shift, and go to state 17
    TRUE_T          shift, and go to state 18
    FALSE_T         shift, and go to state 19
    INCREMENT       shift, and go to state 21
    DECREMENT       shift, and go to state 22
    CLOSURE         shift, and go to state 23

    expression                 转到状态 137
    logical_or_expression      转到状态 31
    logical_and_expression     转到状态 32
    equality_expression        转到状态 33
    relational_expression      转到状态 34
    additive_expression        转到状态 35
    multiplicative_expression  转到状态 36
    unary_expression           转到状态 37
    postfix_expression         转到状态 38
    primary_expression         转到状态 39
    closure_definition         转到状态 40


状态 96

   44 postfix_expression: postfix_expression DOT . IDENTIFIER

    IDENTIFIER  shift, and go to state 138


状态 97

   42 postfix_expression: postfix_expression INCREMENT .

    $default  reduce using rule 42 (postfix_expression)


状态 98

   43 postfix_expression: postfix_expression DECREMENT .

    $default  reduce using rule 43 (postfix_expression)


状态 99

    5 function_definition: FUNCTION IDENTIFIER LP . parameter_list RP block
    6                    | FUNCTION IDENTIFIER LP . RP block

    IDENTIFIER  shift, and go to state 110
    RP          shift, and go to state 139

    parameter_list  转到状态 140


状态 100

   82 if_statement: IF LP expression . RP statement
   83             | IF LP expression . RP statement ELSE statement
   84             | IF LP expression . RP statement elsif_list
   85             | IF LP expression . RP statement elsif_list ELSE statement

    RP  shift, and go to state 141


状态 101

   89 while_statement: WHILE LP expression . RP statement

    RP  shift, and go to state 142


状态 102

   90 for_statement: FOR LP expression_opt . SEMICOLON expression_opt SEMICOLON expression_opt RP statement

    SEMICOLON  shift, and go to state 143


状态 103

   93 return_statement: RETURN_T expression_opt SEMICOLON .

    $default  reduce using rule 93 (return_statement)


状态 104

   45 primary_expression: LP expression RP .

    $default  reduce using rule 45 (primary_expression)


状态 105

   97 block: LC statement_list RC .

    $default  reduce using rule 97 (block)


状态 106

   12 statement_list: statement_list statement .

    $default  reduce using rule 12 (statement_list)


状态 107

   79 global_statement: GLOBAL_T identifier_list SEMICOLON .

    $default  reduce using rule 79 (global_statement)


状态 108

   81 identifier_list: identifier_list COMMA . IDENTIFIER

    IDENTIFIER  shift, and go to state 144


状态 109

   57 closure_definition: CLOSURE IDENTIFIER LP . RP block
   58                   | CLOSURE IDENTIFIER LP . parameter_list RP block

    IDENTIFIER  shift, and go to state 110
    RP          shift, and go to state 145

    parameter_list  转到状态 146


状态 110

    7 parameter_list: IDENTIFIER .

    $default  reduce using rule 7 (parameter_list)


状态 111

   55 closure_definition: CLOSURE LP RP . block

    LC  shift, and go to state 15

    block  转到状态 147


状态 112

    8 parameter_list: parameter_list . COMMA IDENTIFIER
   56 closure_definition: CLOSURE LP parameter_list . RP block

    RP     shift, and go to state 148
    COMMA  shift, and go to state 149


状态 113

   99 try_statement: TRY block CATCH . LP IDENTIFIER RP block FINALLY block
  100              | TRY block CATCH . LP IDENTIFIER RP block

    LP  shift, and go to state 150


状态 114

  101 try_statement: TRY block FINALLY . block

    LC  shift, and go to state 15

    block  转到状态 151


状态 115

  102 throw_statement: THROW expression SEMICOLON .

    $default  reduce using rule 102 (throw_statement)


状态 116

  103 foreach_statement: FOREACH LP IDENTIFIER . COLON expression_or_array_literal RP statement

    COLON  shift, and go to state 152


状态 117

   16 logical_or_expression: logical_or_expression LOGICAL_OR logical_and_expression .
   18 logical_and_expression: logical_and_expression . LOGICAL_AND equality_expression

    LOGICAL_AND  shift, and go to state 81

    $default  reduce using rule 16 (logical_or_expression)


状态 118

   18 logical_and_expression: logical_and_expression LOGICAL_AND equality_expression .
   20 equality_expression: equality_expression . EQ relational_expression
   21                    | equality_expression . NE relational_expression

    EQ  shift, and go to state 82
    NE  shift, and go to state 83

    $default  reduce using rule 18 (logical_and_expression)


状态 119

   20 equality_expression: equality_expression EQ relational_expression .
   23 relational_expression: relational_expression . GT additive_expression
   24                      | relational_expression . GE additive_expression
   25                      | relational_expression . LT additive_expression
   26                      | relational_expression . LE additive_expression

    GT  shift, and go to state 84
    GE  shift, and go to state 85
    LT  shift, and go to state 86
    LE  shift, and go to state 87

    $default  reduce using rule 20 (equality_expression)


状态 120

   21 equality_expression: equality_expression NE relational_expression .
   23 relational_expression: relational_expression . GT additive_expression
   24                      | relational_expression . GE additive_expression
   25                      | relational_expression . LT additive_expression
   26                      | relational_expression . LE additive_expression

    GT  shift, and go to state 84
    GE  shift, and go to state 85
    LT  shift, and go to state 86
    LE  shift, and go to state 87

    $default  reduce using rule 21 (equality_expression)


状态 121

   23 relational_expression: relational_expression GT additive_expression .
   28 additive_expression: additive_expression . ADD multiplicative_expression
   29                    | additive_expression . SUB multiplicative_expression

    ADD  shift, and go to state 88
    SUB  shift, and go to state 89

    $default  reduce using rule 23 (relational_expression)


状态 122

   24 relational_expression: relational_expression GE additive_expression .
   28 additive_expression: additive_expression . ADD multiplicative_expression
   29                    | additive_expression . SUB multiplicative_expression

    ADD  shift, and go to state 88
    SUB  shift, and go to state 89

    $default  reduce using rule 24 (relational_expression)


状态 123

   25 relational_expression: relational_expression LT additive_expression .
   28 additive_expression: additive_expression . ADD multiplicative_expression
   29                    | additive_expression . SUB multiplicative_expression

    ADD  shift, and go to state 88
    SUB  shift, and go to state 89

    $default  reduce using rule 25 (relational_expression)


状态 124

   26 relational_expression: relational_expression LE additive_expression .
   28 additive_expression: additive_expression . ADD multiplicative_expression
   29                    | additive_expression . SUB multiplicative_expression

    ADD  shift, and go to state 88
    SUB  shift, and go to state 89

    $default  reduce using rule 26 (relational_expression)


状态 125

   28 additive_expression: additive_expression ADD multiplicative_expression .
   31 multiplicative_expression: multiplicative_expression . MUL unary_expression
   32                          | multiplicative_expression . DIV unary_expression
   33                          | multiplicative_expression . MOD unary_expression

    MUL  shift, and go to state 90
    DIV  shift, and go to state 91
    MOD  shift, and go to state 92

    $default  reduce using rule 28 (additive_expression)


状态 126

   29 additive_expression: additive_expression SUB multiplicative_expression .
   31 multiplicative_expression: multiplicative_expression . MUL unary_expression
   32                          | multiplicative_expression . DIV unary_expression
   33                          | multiplicative_expression . MOD unary_expression

    MUL  shift, and go to state 90
    DIV  shift, and go to state 91
    MOD  shift, and go to state 92

    $default  reduce using rule 29 (additive_expression)


状态 127

   31 multiplicative_expression: multiplicative_expression MUL unary_expression .

    $default  reduce using rule 31 (multiplicative_expression)


状态 128

   32 multiplicative_expression: multiplicative_expression DIV unary_expression .

    $default  reduce using rule 32 (multiplicative_expression)


状态 129

   33 multiplicative_expression: multiplicative_expression MOD unary_expression .

    $default  reduce using rule 33 (multiplicative_expression)


状态 130

   41 postfix_expression: postfix_expression LP RP .

    $default  reduce using rule 41 (postfix_expression)


状态 131

   10 argument_list: argument_list . COMMA expression
   40 postfix_expression: postfix_expression LP argument_list . RP

    RP     shift, and go to state 153
    COMMA  shift, and go to state 154


状态 132

    9 argument_list: expression .

    $default  reduce using rule 9 (argument_list)


状态 133

   59 array_literal: LC . expression_list RC
   60              | LC . expression_list COMMA RC

    INT_LITERAL     shift, and go to state 1
    DOUBLE_LITERAL  shift, and go to state 2
    STRING_LITERAL  shift, and go to state 3
    REGEXP_LITERAL  shift, and go to state 4
    IDENTIFIER      shift, and go to state 5
    NULL_T          shift, and go to state 13
    LP              shift, and go to state 14
    LC              shift, and go to state 133
    SUB             shift, and go to state 17
    TRUE_T          shift, and go to state 18
    FALSE_T         shift, and go to state 19
    INCREMENT       shift, and go to state 21
    DECREMENT       shift, and go to state 22
    CLOSURE         shift, and go to state 23

    $default  reduce using rule 63 (expression_list)

    expression                   转到状态 134
    logical_or_expression        转到状态 31
    logical_and_expression       转到状态 32
    equality_expression          转到状态 33
    relational_expression        转到状态 34
    additive_expression          转到状态 35
    multiplicative_expression    转到状态 36
    unary_expression             转到状态 37
    postfix_expression           转到状态 38
    primary_expression           转到状态 39
    closure_definition           转到状态 40
    array_literal                转到状态 135
    expression_or_array_literal  转到状态 155
    expression_list              转到状态 156


状态 134

   61 expression_or_array_literal: expression .

    $default  reduce using rule 61 (expression_or_array_literal)


状态 135

   62 expression_or_array_literal: array_literal .

    $default  reduce using rule 62 (expression_or_array_literal)


状态 136

   14 expression: postfix_expression ASSIGN expression_or_array_literal .

    $default  reduce using rule 14 (expression)


状态 137

   39 postfix_expression: postfix_expression LB expression . RB

    RB  shift, and go to state 157


状态 138

   44 postfix_expression: postfix_expression DOT IDENTIFIER .

    $default  reduce using rule 44 (postfix_expression)


状态 139

    6 function_definition: FUNCTION IDENTIFIER LP RP . block

    LC  shift, and go to state 15

    block  转到状态 158


状态 140

    5 function_definition: FUNCTION IDENTIFIER LP parameter_list . RP block
    8 parameter_list: parameter_list . COMMA IDENTIFIER

    RP     shift, and go to state 159
    COMMA  shift, and go to state 149


状态 141

   82 if_statement: IF LP expression RP . statement
   83             | IF LP expression RP . statement ELSE statement
   84             | IF LP expression RP . statement elsif_list
   85             | IF LP expression RP . statement elsif_list ELSE statement

    INT_LITERAL     shift, and go to state 1
    DOUBLE_LITERAL  shift, and go to state 2
    STRING_LITERAL  shift, and go to state 3
    REGEXP_LITERAL  shift, and go to state 4
    IDENTIFIER      shift, and go to state 5
    IF              shift, and go to state 7
    WHILE           shift, and go to state 8
    FOR             shift, and go to state 9
    RETURN_T        shift, and go to state 10
    BREAK           shift, and go to state 11
    CONTINUE        shift, and go to state 12
    NULL_T          shift, and go to state 13
    LP              shift, and go to state 14
    LC              shift, and go to state 15
    SEMICOLON       shift, and go to state 16
    SUB             shift, and go to state 17
    TRUE_T          shift, and go to state 18
    FALSE_T         shift, and go to state 19
    GLOBAL_T        shift, and go to state 20
    INCREMENT       shift, and go to state 21
    DECREMENT       shift, and go to state 22
    CLOSURE         shift, and go to state 23
    TRY             shift, and go to state 24
    THROW           shift, and go to state 25
    FOREACH         shift, and go to state 26

    expression                 转到状态 30
    logical_or_expression      转到状态 31
    logical_and_expression     转到状态 32
    equality_expression        转到状态 33
    relational_expression      转到状态 34
    additive_expression        转到状态 35
    multiplicative_expression  转到状态 36
    unary_expression           转到状态 37
    postfix_expression         转到状态 38
    primary_expression         转到状态 39
    closure_definition         转到状态 40
    statement                  转到状态 160
    global_statement           转到状态 42
    if_statement               转到状态 43
    while_statement            转到状态 44
    for_statement              转到状态 45
    return_statement           转到状态 46
    break_statement            转到状态 47
    continue_statement         转到状态 48
    block_statement            转到状态 49
    block                      转到状态 50
    try_statement              转到状态 51
    throw_statement            转到状态 52
    foreach_statement          转到状态 53


状态 142

   89 while_statement: WHILE LP expression RP . statement

    INT_LITERAL     shift, and go to state 1
    DOUBLE_LITERAL  shift, and go to state 2
    STRING_LITERAL  shift, and go to state 3
    REGEXP_LITERAL  shift, and go to state 4
    IDENTIFIER      shift, and go to state 5
    IF              shift, and go to state 7
    WHILE           shift, and go to state 8
    FOR             shift, and go to state 9
    RETURN_T        shift, and go to state 10
    BREAK           shift, and go to state 11
    CONTINUE        shift, and go to state 12
    NULL_T          shift, and go to state 13
    LP              shift, and go to state 14
    LC              shift, and go to state 15
    SEMICOLON       shift, and go to state 16
    SUB             shift, and go to state 17
    TRUE_T          shift, and go to state 18
    FALSE_T         shift, and go to state 19
    GLOBAL_T        shift, and go to state 20
    INCREMENT       shift, and go to state 21
    DECREMENT       shift, and go to state 22
    CLOSURE         shift, and go to state 23
    TRY             shift, and go to state 24
    THROW           shift, and go to state 25
    FOREACH         shift, and go to state 26

    expression                 转到状态 30
    logical_or_expression      转到状态 31
    logical_and_expression     转到状态 32
    equality_expression        转到状态 33
    relational_expression      转到状态 34
    additive_expression        转到状态 35
    multiplicative_expression  转到状态 36
    unary_expression           转到状态 37
    postfix_expression         转到状态 38
    primary_expression         转到状态 39
    closure_definition         转到状态 40
    statement                  转到状态 161
    global_statement           转到状态 42
    if_statement               转到状态 43
    while_statement            转到状态 44
    for_statement              转到状态 45
    return_statement           转到状态 46
    break_statement            转到状态 47
    continue_statement         转到状态 48
    block_statement            转到状态 49
    block                      转到状态 50
    try_statement              转到状态 51
    throw_statement            转到状态 52
    foreach_statement          转到状态 53


状态 143

   90 for_statement: FOR LP expression_opt SEMICOLON . expression_opt SEMICOLON expression_opt RP statement

    INT_LITERAL     shift, and go to state 1
    DOUBLE_LITERAL  shift, and go to state 2
    STRING_LITERAL  shift, and go to state 3
    REGEXP_LITERAL  shift, and go to state 4
    IDENTIFIER      shift, and go to state 5
    NULL_T          shift, and go to state 13
    LP              shift, and go to state 14
    SUB             shift, and go to state 17
    TRUE_T          shift, and go to state 18
    FALSE_T         shift, and go to state 19
    INCREMENT       shift, and go to state 21
    DECREMENT       shift, and go to state 22
    CLOSURE         shift, and go to state 23

    $default  reduce using rule 91 (expression_opt)

    expression                 转到状态 58
    logical_or_expression      转到状态 31
    logical_and_expression     转到状态 32
    equality_expression        转到状态 33
    relational_expression      转到状态 34
    additive_expression        转到状态 35
    multiplicative_expression  转到状态 36
    unary_expression           转到状态 37
    postfix_expression         转到状态 38
    primary_expression         转到状态 39
    closure_definition         转到状态 40
    expression_opt             转到状态 162


状态 144

   81 identifier_list: identifier_list COMMA IDENTIFIER .

    $default  reduce using rule 81 (identifier_list)


状态 145

   57 closure_definition: CLOSURE IDENTIFIER LP RP . block

    LC  shift, and go to state 15

    block  转到状态 163


状态 146

    8 parameter_list: parameter_list . COMMA IDENTIFIER
   58 closure_definition: CLOSURE IDENTIFIER LP parameter_list . RP block

    RP     shift, and go to state 164
    COMMA  shift, and go to state 149


状态 147

   55 closure_definition: CLOSURE LP RP block .

    $default  reduce using rule 55 (closure_definition)


状态 148

   56 closure_definition: CLOSURE LP parameter_list RP . block

    LC  shift, and go to state 15

    block  转到状态 165


状态 149

    8 parameter_list: parameter_list COMMA . IDENTIFIER

    IDENTIFIER  shift, and go to state 166


状态 150

   99 try_statement: TRY block CATCH LP . IDENTIFIER RP block FINALLY block
  100              | TRY block CATCH LP . IDENTIFIER RP block

    IDENTIFIER  shift, and go to state 167


状态 151

  101 try_statement: TRY block FINALLY block .

    $default  reduce using rule 101 (try_statement)


状态 152

  103 foreach_statement: FOREACH LP IDENTIFIER COLON . expression_or_array_literal RP statement

    INT_LITERAL     shift, and go to state 1
    DOUBLE_LITERAL  shift, and go to state 2
    STRING_LITERAL  shift, and go to state 3
    REGEXP_LITERAL  shift, and go to state 4
    IDENTIFIER      shift, and go to state 5
    NULL_T          shift, and go to state 13
    LP              shift, and go to state 14
    LC              shift, and go to state 133
    SUB             shift, and go to state 17
    TRUE_T          shift, and go to state 18
    FALSE_T         shift, and go to state 19
    INCREMENT       shift, and go to state 21
    DECREMENT       shift, and go to state 22
    CLOSURE         shift, and go to state 23

    expression                   转到状态 134
    logical_or_expression        转到状态 31
    logical_and_expression       转到状态 32
    equality_expression          转到状态 33
    relational_expression        转到状态 34
    additive_expression          转到状态 35
    multiplicative_expression    转到状态 36
    unary_expression             转到状态 37
    postfix_expression           转到状态 38
    primary_expression           转到状态 39
    closure_definition           转到状态 40
    array_literal                转到状态 135
    expression_or_array_literal  转到状态 168


状态 153

   40 postfix_expression: postfix_expression LP argument_list RP .

    $default  reduce using rule 40 (postfix_expression)


状态 154

   10 argument_list: argument_list COMMA . expression

    INT_LITERAL     shift, and go to state 1
    DOUBLE_LITERAL  shift, and go to state 2
    STRING_LITERAL  shift, and go to state 3
    REGEXP_LITERAL  shift, and go to state 4
    IDENTIFIER      shift, and go to state 5
    NULL_T          shift, and go to state 13
    LP              shift, and go to state 14
    SUB             shift, and go to state 17
    TRUE_T          shift, and go to state 18
    FALSE_T         shift, and go to state 19
    INCREMENT       shift, and go to state 21
    DECREMENT       shift, and go to state 22
    CLOSURE         shift, and go to state 23

    expression                 转到状态 169
    logical_or_expression      转到状态 31
    logical_and_expression     转到状态 32
    equality_expression        转到状态 33
    relational_expression      转到状态 34
    additive_expression        转到状态 35
    multiplicative_expression  转到状态 36
    unary_expression           转到状态 37
    postfix_expression         转到状态 38
    primary_expression         转到状态 39
    closure_definition         转到状态 40


状态 155

   64 expression_list: expression_or_array_literal .

    $default  reduce using rule 64 (expression_list)


状态 156

   59 array_literal: LC expression_list . RC
   60              | LC expression_list . COMMA RC
   65 expression_list: expression_list . COMMA expression_or_array_literal

    RC     shift, and go to state 170
    COMMA  shift, and go to state 171


状态 157

   39 postfix_expression: postfix_expression LB expression RB .

    $default  reduce using rule 39 (postfix_expression)


状态 158

    6 function_definition: FUNCTION IDENTIFIER LP RP block .

    $default  reduce using rule 6 (function_definition)


状态 159

    5 function_definition: FUNCTION IDENTIFIER LP parameter_list RP . block

    LC  shift, and go to state 15

    block  转到状态 172


状态 160

   82 if_statement: IF LP expression RP statement .
   83             | IF LP expression RP statement . ELSE statement
   84             | IF LP expression RP statement . elsif_list
   85             | IF LP expression RP statement . elsif_list ELSE statement

    ELSE   shift, and go to state 173
    ELSIF  shift, and go to state 174

    ELSE      [reduce using rule 82 (if_statement)]
    ELSIF     [reduce using rule 82 (if_statement)]
    $default  reduce using rule 82 (if_statement)

    elsif_list  转到状态 175
    elsif       转到状态 176


状态 161

   89 while_statement: WHILE LP expression RP statement .

    $default  reduce using rule 89 (while_statement)


状态 162

   90 for_statement: FOR LP expression_opt SEMICOLON expression_opt . SEMICOLON expression_opt RP statement

    SEMICOLON  shift, and go to state 177


状态 163

   57 closure_definition: CLOSURE IDENTIFIER LP RP block .

    $default  reduce using rule 57 (closure_definition)


状态 164

   58 closure_definition: CLOSURE IDENTIFIER LP parameter_list RP . block

    LC  shift, and go to state 15

    block  转到状态 178


状态 165

   56 closure_definition: CLOSURE LP parameter_list RP block .

    $default  reduce using rule 56 (closure_definition)


状态 166

    8 parameter_list: parameter_list COMMA IDENTIFIER .

    $default  reduce using rule 8 (parameter_list)


状态 167

   99 try_statement: TRY block CATCH LP IDENTIFIER . RP block FINALLY block
  100              | TRY block CATCH LP IDENTIFIER . RP block

    RP  shift, and go to state 179


状态 168

  103 foreach_statement: FOREACH LP IDENTIFIER COLON expression_or_array_literal . RP statement

    RP  shift, and go to state 180


状态 169

   10 argument_list: argument_list COMMA expression .

    $default  reduce using rule 10 (argument_list)


状态 170

   59 array_literal: LC expression_list RC .

    $default  reduce using rule 59 (array_literal)


状态 171

   60 array_literal: LC expression_list COMMA . RC
   65 expression_list: expression_list COMMA . expression_or_array_literal

    INT_LITERAL     shift, and go to state 1
    DOUBLE_LITERAL  shift, and go to state 2
    STRING_LITERAL  shift, and go to state 3
    REGEXP_LITERAL  shift, and go to state 4
    IDENTIFIER      shift, and go to state 5
    NULL_T          shift, and go to state 13
    LP              shift, and go to state 14
    LC              shift, and go to state 133
    RC              shift, and go to state 181
    SUB             shift, and go to state 17
    TRUE_T          shift, and go to state 18
    FALSE_T         shift, and go to state 19
    INCREMENT       shift, and go to state 21
    DECREMENT       shift, and go to state 22
    CLOSURE         shift, and go to state 23

    expression                   转到状态 134
    logical_or_expression        转到状态 31
    logical_and_expression       转到状态 32
    equality_expression          转到状态 33
    relational_expression        转到状态 34
    additive_expression          转到状态 35
    multiplicative_expression    转到状态 36
    unary_expression             转到状态 37
    postfix_expression           转到状态 38
    primary_expression           转到状态 39
    closure_definition           转到状态 40
    array_literal                转到状态 135
    expression_or_array_literal  转到状态 182


状态 172

    5 function_definition: FUNCTION IDENTIFIER LP parameter_list RP block .

    $default  reduce using rule 5 (function_definition)


状态 173

   83 if_statement: IF LP expression RP statement ELSE . statement

    INT_LITERAL     shift, and go to state 1
    DOUBLE_LITERAL  shift, and go to state 2
    STRING_LITERAL  shift, and go to state 3
    REGEXP_LITERAL  shift, and go to state 4
    IDENTIFIER      shift, and go to state 5
    IF              shift, and go to state 7
    WHILE           shift, and go to state 8
    FOR             shift, and go to state 9
    RETURN_T        shift, and go to state 10
    BREAK           shift, and go to state 11
    CONTINUE        shift, and go to state 12
    NULL_T          shift, and go to state 13
    LP              shift, and go to state 14
    LC              shift, and go to state 15
    SEMICOLON       shift, and go to state 16
    SUB             shift, and go to state 17
    TRUE_T          shift, and go to state 18
    FALSE_T         shift, and go to state 19
    GLOBAL_T        shift, and go to state 20
    INCREMENT       shift, and go to state 21
    DECREMENT       shift, and go to state 22
    CLOSURE         shift, and go to state 23
    TRY             shift, and go to state 24
    THROW           shift, and go to state 25
    FOREACH         shift, and go to state 26

    expression                 转到状态 30
    logical_or_expression      转到状态 31
    logical_and_expression     转到状态 32
    equality_expression        转到状态 33
    relational_expression      转到状态 34
    additive_expression        转到状态 35
    multiplicative_expression  转到状态 36
    unary_expression           转到状态 37
    postfix_expression         转到状态 38
    primary_expression         转到状态 39
    closure_definition         转到状态 40
    statement                  转到状态 183
    global_statement           转到状态 42
    if_statement               转到状态 43
    while_statement            转到状态 44
    for_statement              转到状态 45
    return_statement           转到状态 46
    break_statement            转到状态 47
    continue_statement         转到状态 48
    block_statement            转到状态 49
    block                      转到状态 50
    try_statement              转到状态 51
    throw_statement            转到状态 52
    foreach_statement          转到状态 53


状态 174

   88 elsif: ELSIF . LP expression RP statement

    LP  shift, and go to state 184


状态 175

   84 if_statement: IF LP expression RP statement elsif_list .
   85             | IF LP expression RP statement elsif_list . ELSE statement
   87 elsif_list: elsif_list . elsif

    ELSE   shift, and go to state 185
    ELSIF  shift, and go to state 174

    ELSE      [reduce using rule 84 (if_statement)]
    ELSIF     [reduce using rule 84 (if_statement)]
    $default  reduce using rule 84 (if_statement)

    elsif  转到状态 186


状态 176

   86 elsif_list: elsif .

    $default  reduce using rule 86 (elsif_list)


状态 177

   90 for_statement: FOR LP expression_opt SEMICOLON expression_opt SEMICOLON . expression_opt RP statement

    INT_LITERAL     shift, and go to state 1
    DOUBLE_LITERAL  shift, and go to state 2
    STRING_LITERAL  shift, and go to state 3
    REGEXP_LITERAL  shift, and go to state 4
    IDENTIFIER      shift, and go to state 5
    NULL_T          shift, and go to state 13
    LP              shift, and go to state 14
    SUB             shift, and go to state 17
    TRUE_T          shift, and go to state 18
    FALSE_T         shift, and go to state 19
    INCREMENT       shift, and go to state 21
    DECREMENT       shift, and go to state 22
    CLOSURE         shift, and go to state 23

    $default  reduce using rule 91 (expression_opt)

    expression                 转到状态 58
    logical_or_expression      转到状态 31
    logical_and_expression     转到状态 32
    equality_expression        转到状态 33
    relational_expression      转到状态 34
    additive_expression        转到状态 35
    multiplicative_expression  转到状态 36
    unary_expression           转到状态 37
    postfix_expression         转到状态 38
    primary_expression         转到状态 39
    closure_definition         转到状态 40
    expression_opt             转到状态 187


状态 178

   58 closure_definition: CLOSURE IDENTIFIER LP parameter_list RP block .

    $default  reduce using rule 58 (closure_definition)


状态 179

   99 try_statement: TRY block CATCH LP IDENTIFIER RP . block FINALLY block
  100              | TRY block CATCH LP IDENTIFIER RP . block

    LC  shift, and go to state 15

    block  转到状态 188


状态 180

  103 foreach_statement: FOREACH LP IDENTIFIER COLON expression_or_array_literal RP . statement

    INT_LITERAL     shift, and go to state 1
    DOUBLE_LITERAL  shift, and go to state 2
    STRING_LITERAL  shift, and go to state 3
    REGEXP_LITERAL  shift, and go to state 4
    IDENTIFIER      shift, and go to state 5
    IF              shift, and go to state 7
    WHILE           shift, and go to state 8
    FOR             shift, and go to state 9
    RETURN_T        shift, and go to state 10
    BREAK           shift, and go to state 11
    CONTINUE        shift, and go to state 12
    NULL_T          shift, and go to state 13
    LP              shift, and go to state 14
    LC              shift, and go to state 15
    SEMICOLON       shift, and go to state 16
    SUB             shift, and go to state 17
    TRUE_T          shift, and go to state 18
    FALSE_T         shift, and go to state 19
    GLOBAL_T        shift, and go to state 20
    INCREMENT       shift, and go to state 21
    DECREMENT       shift, and go to state 22
    CLOSURE         shift, and go to state 23
    TRY             shift, and go to state 24
    THROW           shift, and go to state 25
    FOREACH         shift, and go to state 26

    expression                 转到状态 30
    logical_or_expression      转到状态 31
    logical_and_expression     转到状态 32
    equality_expression        转到状态 33
    relational_expression      转到状态 34
    additive_expression        转到状态 35
    multiplicative_expression  转到状态 36
    unary_expression           转到状态 37
    postfix_expression         转到状态 38
    primary_expression         转到状态 39
    closure_definition         转到状态 40
    statement                  转到状态 189
    global_statement           转到状态 42
    if_statement               转到状态 43
    while_statement            转到状态 44
    for_statement              转到状态 45
    return_statement           转到状态 46
    break_statement            转到状态 47
    continue_statement         转到状态 48
    block_statement            转到状态 49
    block                      转到状态 50
    try_statement              转到状态 51
    throw_statement            转到状态 52
    foreach_statement          转到状态 53


状态 181

   60 array_literal: LC expression_list COMMA RC .

    $default  reduce using rule 60 (array_literal)


状态 182

   65 expression_list: expression_list COMMA expression_or_array_literal .

    $default  reduce using rule 65 (expression_list)


状态 183

   83 if_statement: IF LP expression RP statement ELSE statement .

    $default  reduce using rule 83 (if_statement)


状态 184

   88 elsif: ELSIF LP . expression RP statement

    INT_LITERAL     shift, and go to state 1
    DOUBLE_LITERAL  shift, and go to state 2
    STRING_LITERAL  shift, and go to state 3
    REGEXP_LITERAL  shift, and go to state 4
    IDENTIFIER      shift, and go to state 5
    NULL_T          shift, and go to state 13
    LP              shift, and go to state 14
    SUB             shift, and go to state 17
    TRUE_T          shift, and go to state 18
    FALSE_T         shift, and go to state 19
    INCREMENT       shift, and go to state 21
    DECREMENT       shift, and go to state 22
    CLOSURE         shift, and go to state 23

    expression                 转到状态 190
    logical_or_expression      转到状态 31
    logical_and_expression     转到状态 32
    equality_expression        转到状态 33
    relational_expression      转到状态 34
    additive_expression        转到状态 35
    multiplicative_expression  转到状态 36
    unary_expression           转到状态 37
    postfix_expression         转到状态 38
    primary_expression         转到状态 39
    closure_definition         转到状态 40


状态 185

   85 if_statement: IF LP expression RP statement elsif_list ELSE . statement

    INT_LITERAL     shift, and go to state 1
    DOUBLE_LITERAL  shift, and go to state 2
    STRING_LITERAL  shift, and go to state 3
    REGEXP_LITERAL  shift, and go to state 4
    IDENTIFIER      shift, and go to state 5
    IF              shift, and go to state 7
    WHILE           shift, and go to state 8
    FOR             shift, and go to state 9
    RETURN_T        shift, and go to state 10
    BREAK           shift, and go to state 11
    CONTINUE        shift, and go to state 12
    NULL_T          shift, and go to state 13
    LP              shift, and go to state 14
    LC              shift, and go to state 15
    SEMICOLON       shift, and go to state 16
    SUB             shift, and go to state 17
    TRUE_T          shift, and go to state 18
    FALSE_T         shift, and go to state 19
    GLOBAL_T        shift, and go to state 20
    INCREMENT       shift, and go to state 21
    DECREMENT       shift, and go to state 22
    CLOSURE         shift, and go to state 23
    TRY             shift, and go to state 24
    THROW           shift, and go to state 25
    FOREACH         shift, and go to state 26

    expression                 转到状态 30
    logical_or_expression      转到状态 31
    logical_and_expression     转到状态 32
    equality_expression        转到状态 33
    relational_expression      转到状态 34
    additive_expression        转到状态 35
    multiplicative_expression  转到状态 36
    unary_expression           转到状态 37
    postfix_expression         转到状态 38
    primary_expression         转到状态 39
    closure_definition         转到状态 40
    statement                  转到状态 191
    global_statement           转到状态 42
    if_statement               转到状态 43
    while_statement            转到状态 44
    for_statement              转到状态 45
    return_statement           转到状态 46
    break_statement            转到状态 47
    continue_statement         转到状态 48
    block_statement            转到状态 49
    block                      转到状态 50
    try_statement              转到状态 51
    throw_statement            转到状态 52
    foreach_statement          转到状态 53


状态 186

   87 elsif_list: elsif_list elsif .

    $default  reduce using rule 87 (elsif_list)


状态 187

   90 for_statement: FOR LP expression_opt SEMICOLON expression_opt SEMICOLON expression_opt . RP statement

    RP  shift, and go to state 192


状态 188

   99 try_statement: TRY block CATCH LP IDENTIFIER RP block . FINALLY block
  100              | TRY block CATCH LP IDENTIFIER RP block .

    FINALLY  shift, and go to state 193

    $default  reduce using rule 100 (try_statement)


状态 189

  103 foreach_statement: FOREACH LP IDENTIFIER COLON expression_or_array_literal RP statement .

    $default  reduce using rule 103 (foreach_statement)


状态 190

   88 elsif: ELSIF LP expression . RP statement

    RP  shift, and go to state 194


状态 191

   85 if_statement: IF LP expression RP statement elsif_list ELSE statement .

    $default  reduce using rule 85 (if_statement)


状态 192

   90 for_statement: FOR LP expression_opt SEMICOLON expression_opt SEMICOLON expression_opt RP . statement

    INT_LITERAL     shift, and go to state 1
    DOUBLE_LITERAL  shift, and go to state 2
    STRING_LITERAL  shift, and go to state 3
    REGEXP_LITERAL  shift, and go to state 4
    IDENTIFIER      shift, and go to state 5
    IF              shift, and go to state 7
    WHILE           shift, and go to state 8
    FOR             shift, and go to state 9
    RETURN_T        shift, and go to state 10
    BREAK           shift, and go to state 11
    CONTINUE        shift, and go to state 12
    NULL_T          shift, and go to state 13
    LP              shift, and go to state 14
    LC              shift, and go to state 15
    SEMICOLON       shift, and go to state 16
    SUB             shift, and go to state 17
    TRUE_T          shift, and go to state 18
    FALSE_T         shift, and go to state 19
    GLOBAL_T        shift, and go to state 20
    INCREMENT       shift, and go to state 21
    DECREMENT       shift, and go to state 22
    CLOSURE         shift, and go to state 23
    TRY             shift, and go to state 24
    THROW           shift, and go to state 25
    FOREACH         shift, and go to state 26

    expression                 转到状态 30
    logical_or_expression      转到状态 31
    logical_and_expression     转到状态 32
    equality_expression        转到状态 33
    relational_expression      转到状态 34
    additive_expression        转到状态 35
    multiplicative_expression  转到状态 36
    unary_expression           转到状态 37
    postfix_expression         转到状态 38
    primary_expression         转到状态 39
    closure_definition         转到状态 40
    statement                  转到状态 195
    global_statement           转到状态 42
    if_statement               转到状态 43
    while_statement            转到状态 44
    for_statement              转到状态 45
    return_statement           转到状态 46
    break_statement            转到状态 47
    continue_statement         转到状态 48
    block_statement            转到状态 49
    block                      转到状态 50
    try_statement              转到状态 51
    throw_statement            转到状态 52
    foreach_statement          转到状态 53


状态 193

   99 try_statement: TRY block CATCH LP IDENTIFIER RP block FINALLY . block

    LC  shift, and go to state 15

    block  转到状态 196


状态 194

   88 elsif: ELSIF LP expression RP . statement

    INT_LITERAL     shift, and go to state 1
    DOUBLE_LITERAL  shift, and go to state 2
    STRING_LITERAL  shift, and go to state 3
    REGEXP_LITERAL  shift, and go to state 4
    IDENTIFIER      shift, and go to state 5
    IF              shift, and go to state 7
    WHILE           shift, and go to state 8
    FOR             shift, and go to state 9
    RETURN_T        shift, and go to state 10
    BREAK           shift, and go to state 11
    CONTINUE        shift, and go to state 12
    NULL_T          shift, and go to state 13
    LP              shift, and go to state 14
    LC              shift, and go to state 15
    SEMICOLON       shift, and go to state 16
    SUB             shift, and go to state 17
    TRUE_T          shift, and go to state 18
    FALSE_T         shift, and go to state 19
    GLOBAL_T        shift, and go to state 20
    INCREMENT       shift, and go to state 21
    DECREMENT       shift, and go to state 22
    CLOSURE         shift, and go to state 23
    TRY             shift, and go to state 24
    THROW           shift, and go to state 25
    FOREACH         shift, and go to state 26

    expression                 转到状态 30
    logical_or_expression      转到状态 31
    logical_and_expression     转到状态 32
    equality_expression        转到状态 33
    relational_expression      转到状态 34
    additive_expression        转到状态 35
    multiplicative_expression  转到状态 36
    unary_expression           转到状态 37
    postfix_expression         转到状态 38
    primary_expression         转到状态 39
    closure_definition         转到状态 40
    statement                  转到状态 197
    global_statement           转到状态 42
    if_statement               转到状态 43
    while_statement            转到状态 44
    for_statement              转到状态 45
    return_statement           转到状态 46
    break_statement            转到状态 47
    continue_statement         转到状态 48
    block_statement            转到状态 49
    block                      转到状态 50
    try_statement              转到状态 51
    throw_statement            转到状态 52
    foreach_statement          转到状态 53


状态 195

   90 for_statement: FOR LP expression_opt SEMICOLON expression_opt SEMICOLON expression_opt RP statement .

    $default  reduce using rule 90 (for_statement)


状态 196

   99 try_statement: TRY block CATCH LP IDENTIFIER RP block FINALLY block .

    $default  reduce using rule 99 (try_statement)


状态 197

   88 elsif: ELSIF LP expression RP statement .

    $default  reduce using rule 88 (elsif)
